12-12-07 20:05:43,812 [main] Logfile closed: D:\junbao_newpro\cas-server-webapp_35\.\tmlog-1.log
12-12-07 20:05:50,921 [main] Logfile closed: D:\junbao_newpro\cas-server-webapp_35\.\tmlog0.log
12-12-07 20:10:59,625 [main] Starting read of logfile D:\junbao_newpro\cas-server-webapp_35\.\tmlog0.log
12-12-07 20:10:59,625 [main] Done read of logfile
12-12-07 20:10:59,625 [main] Logfile closed: D:\junbao_newpro\cas-server-webapp_35\.\tmlog0.log
12-12-07 20:11:04,484 [main] Logfile closed: D:\junbao_newpro\cas-server-webapp_35\.\tmlog1.log
12-12-07 20:15:58,640 [main] Starting read of logfile D:\junbao_newpro\cas-server-webapp_35\.\tmlog1.log
12-12-07 20:15:58,640 [main] Done read of logfile
12-12-07 20:15:58,640 [main] Logfile closed: D:\junbao_newpro\cas-server-webapp_35\.\tmlog1.log
12-12-07 20:16:03,453 [main] Logfile closed: D:\junbao_newpro\cas-server-webapp_35\.\tmlog2.log
12-12-07 20:16:49,546 [main] Starting read of logfile D:\junbao_newpro\cas-server-webapp_35\.\tmlog2.log
12-12-07 20:16:49,546 [main] Done read of logfile
12-12-07 20:16:49,546 [main] Logfile closed: D:\junbao_newpro\cas-server-webapp_35\.\tmlog2.log
12-12-07 20:16:53,437 [main] Logfile closed: D:\junbao_newpro\cas-server-webapp_35\.\tmlog3.log
12-12-07 20:18:58,015 [main] Starting read of logfile D:\junbao_newpro\cas-server-webapp_35\.\tmlog3.log
12-12-07 20:18:58,015 [main] Done read of logfile
12-12-07 20:18:58,015 [main] Logfile closed: D:\junbao_newpro\cas-server-webapp_35\.\tmlog3.log
12-12-07 20:19:01,859 [main] Logfile closed: D:\junbao_newpro\cas-server-webapp_35\.\tmlog4.log
12-12-07 20:20:18,859 [Timer-0] Starting read of logfile D:\junbao_newpro\cas-server-webapp_35\.\tmlog4.log
12-12-07 20:20:18,859 [Timer-0] Done read of logfile
12-12-07 20:20:18,859 [Timer-0] Logfile closed: D:\junbao_newpro\cas-server-webapp_35\.\tmlog4.log
12-12-07 20:20:22,812 [Timer-0] Logfile closed: D:\junbao_newpro\cas-server-webapp_35\.\tmlog5.log
12-12-07 20:20:28,000 [Timer-0] Starting read of logfile D:\junbao_newpro\cas-server-webapp_35\.\tmlog5.log
12-12-07 20:20:28,000 [Timer-0] Done read of logfile
12-12-07 20:20:28,000 [Timer-0] Logfile closed: D:\junbao_newpro\cas-server-webapp_35\.\tmlog5.log
12-12-07 20:20:31,906 [Timer-0] Logfile closed: D:\junbao_newpro\cas-server-webapp_35\.\tmlog6.log
12-12-07 20:21:03,296 [Timer-0] Starting read of logfile D:\junbao_newpro\cas-server-webapp_35\.\tmlog6.log
12-12-07 20:21:03,296 [Timer-0] Done read of logfile
12-12-07 20:21:03,296 [Timer-0] Logfile closed: D:\junbao_newpro\cas-server-webapp_35\.\tmlog6.log
12-12-07 20:21:07,562 [Timer-0] Logfile closed: D:\junbao_newpro\cas-server-webapp_35\.\tmlog7.log
12-12-07 20:21:14,718 [Timer-0] Starting read of logfile D:\junbao_newpro\cas-server-webapp_35\.\tmlog7.log
12-12-07 20:21:14,718 [Timer-0] Done read of logfile
12-12-07 20:21:14,718 [Timer-0] Logfile closed: D:\junbao_newpro\cas-server-webapp_35\.\tmlog7.log
12-12-07 20:21:19,093 [Timer-0] Logfile closed: D:\junbao_newpro\cas-server-webapp_35\.\tmlog8.log
12-12-07 20:21:46,859 [Timer-0] Starting read of logfile D:\junbao_newpro\cas-server-webapp_35\.\tmlog8.log
12-12-07 20:21:46,859 [Timer-0] Done read of logfile
12-12-07 20:21:46,859 [Timer-0] Logfile closed: D:\junbao_newpro\cas-server-webapp_35\.\tmlog8.log
12-12-07 20:21:51,406 [Timer-0] Logfile closed: D:\junbao_newpro\cas-server-webapp_35\.\tmlog9.log
12-12-07 20:22:09,640 [Timer-0] Starting read of logfile D:\junbao_newpro\cas-server-webapp_35\.\tmlog9.log
12-12-07 20:22:09,640 [Timer-0] Done read of logfile
12-12-07 20:22:09,656 [Timer-0] Logfile closed: D:\junbao_newpro\cas-server-webapp_35\.\tmlog9.log
12-12-07 20:22:14,843 [Timer-0] Logfile closed: D:\junbao_newpro\cas-server-webapp_35\.\tmlog10.log
12-12-07 20:22:23,250 [Timer-0] Starting read of logfile D:\junbao_newpro\cas-server-webapp_35\.\tmlog10.log
12-12-07 20:22:23,250 [Timer-0] Done read of logfile
12-12-07 20:22:23,250 [Timer-0] Logfile closed: D:\junbao_newpro\cas-server-webapp_35\.\tmlog10.log
12-12-07 20:22:28,500 [Timer-0] Logfile closed: D:\junbao_newpro\cas-server-webapp_35\.\tmlog11.log
12-12-07 20:22:42,984 [Timer-0] Starting read of logfile D:\junbao_newpro\cas-server-webapp_35\.\tmlog11.log
12-12-07 20:22:42,984 [Timer-0] Done read of logfile
12-12-07 20:22:42,984 [Timer-0] Logfile closed: D:\junbao_newpro\cas-server-webapp_35\.\tmlog11.log
12-12-07 20:22:48,218 [Timer-0] Logfile closed: D:\junbao_newpro\cas-server-webapp_35\.\tmlog12.log
12-12-07 20:23:19,500 [Timer-0] Starting read of logfile D:\junbao_newpro\cas-server-webapp_35\.\tmlog12.log
12-12-07 20:23:19,500 [Timer-0] Done read of logfile
12-12-07 20:23:19,500 [Timer-0] Logfile closed: D:\junbao_newpro\cas-server-webapp_35\.\tmlog12.log
12-12-07 20:23:25,484 [Timer-0] Logfile closed: D:\junbao_newpro\cas-server-webapp_35\.\tmlog13.log
12-12-07 20:23:36,187 [Timer-0] Starting read of logfile D:\junbao_newpro\cas-server-webapp_35\.\tmlog13.log
12-12-07 20:23:36,187 [Timer-0] Done read of logfile
12-12-07 20:23:36,187 [Timer-0] Logfile closed: D:\junbao_newpro\cas-server-webapp_35\.\tmlog13.log
12-12-07 20:23:42,296 [Timer-0] Logfile closed: D:\junbao_newpro\cas-server-webapp_35\.\tmlog14.log
12-12-07 20:24:52,875 [main] Starting read of logfile D:\junbao_newpro\cas-server-webapp_35\.\tmlog14.log
12-12-07 20:24:52,875 [main] Done read of logfile
12-12-07 20:24:52,875 [main] Logfile closed: D:\junbao_newpro\cas-server-webapp_35\.\tmlog14.log
12-12-07 20:24:58,468 [main] Logfile closed: D:\junbao_newpro\cas-server-webapp_35\.\tmlog15.log
12-12-07 20:28:49,296 [main] Starting read of logfile D:\junbao_newpro\cas-server-webapp_35\.\tmlog15.log
12-12-07 20:28:49,296 [main] Done read of logfile
12-12-07 20:28:49,296 [main] Logfile closed: D:\junbao_newpro\cas-server-webapp_35\.\tmlog15.log
12-12-07 20:30:40,171 [9486447@qtp-22939763-0] Coordinator not recoverable: 172.25.61.79.tm0000100017
12-12-07 20:30:41,671 [9486447@qtp-22939763-0] Forcing close of pending statement: com.mysql.jdbc.jdbc2.optional.JDBC4PreparedStatementWrapper@86510a
12-12-07 20:32:19,578 [main] Starting read of logfile D:\junbao_newpro\cas-server-webapp_35\.\tmlog16.log
12-12-07 20:32:19,625 [main] Local heuristic termination of coordinator 172.25.61.79.tm0000200017 with state COMMITTING
12-12-07 20:32:19,640 [main] Local heuristic termination of coordinator 172.25.61.79.tm0000200017 with state COMMITTING
12-12-07 20:32:19,640 [main] Done read of logfile
12-12-07 20:32:19,640 [main] Logfile closed: D:\junbao_newpro\cas-server-webapp_35\.\tmlog16.log
12-12-07 20:42:52,781 [main] Starting read of logfile D:\junbao_newpro\cas-server-webapp_35\.\tmlog17.log
12-12-07 20:42:52,781 [main] Done read of logfile
12-12-07 20:42:52,781 [main] Logfile closed: D:\junbao_newpro\cas-server-webapp_35\.\tmlog17.log
12-12-07 20:42:58,828 [main] Logfile closed: D:\junbao_newpro\cas-server-webapp_35\.\tmlog18.log
12-12-07 20:44:04,406 [main] Starting read of logfile D:\junbao_newpro\cas-server-webapp_35\.\tmlog18.log
12-12-07 20:44:04,406 [main] Done read of logfile
12-12-07 20:44:04,406 [main] Logfile closed: D:\junbao_newpro\cas-server-webapp_35\.\tmlog18.log
12-12-07 20:44:58,406 [24819021@qtp-3022623-2] Coordinator not recoverable: 172.25.61.79.tm0000100020
12-12-07 20:44:59,781 [24819021@qtp-3022623-2] Forcing close of pending statement: com.mysql.jdbc.jdbc2.optional.JDBC4PreparedStatementWrapper@3d48b0
